Build started 4/10/2015 5:05:08 PM.
     1>Project "C:\Users\bcoll_000\Desktop\oFVisualStudio\addons\ofxKinectCommonBridge\example-Fireflies - ReleaseTest\emptyExample.vcxproj" on node 2 (Build target(s)).
     1>Project "C:\Users\bcoll_000\Desktop\oFVisualStudio\addons\ofxKinectCommonBridge\example-Fireflies - ReleaseTest\emptyExample.vcxproj" (1) is building "C:\Users\bcoll_000\Desktop\oFVisualStudio\libs\openFrameworksCompiled\project\vs\openframeworksLib.vcxproj" (2) on node 2 (GetTargetPath target(s)).
       Project file contains ToolsVersion="12.0". This toolset may be unknown or missing, in which case you may be able to resolve this by installing the appropriate version of MSBuild, or the build may have been forced to a particular ToolsVersion for policy reasons. Treating the project as if it had ToolsVersion="4.0". For more information, please see http://go.microsoft.com/fwlink/?LinkId=291333.
     2>Done Building Project "C:\Users\bcoll_000\Desktop\oFVisualStudio\libs\openFrameworksCompiled\project\vs\openframeworksLib.vcxproj" (GetTargetPath target(s)).
     1>Project "C:\Users\bcoll_000\Desktop\oFVisualStudio\addons\ofxKinectCommonBridge\example-Fireflies - ReleaseTest\emptyExample.vcxproj" (1) is building "C:\Users\bcoll_000\Desktop\oFVisualStudio\libs\openFrameworksCompiled\project\vs\openframeworksLib.vcxproj" (2:2) on node 2 (GetNativeManifest target(s)).
       Project file contains ToolsVersion="12.0". This toolset may be unknown or missing, in which case you may be able to resolve this by installing the appropriate version of MSBuild, or the build may have been forced to a particular ToolsVersion for policy reasons. Treating the project as if it had ToolsVersion="4.0". For more information, please see http://go.microsoft.com/fwlink/?LinkId=291333.
     2>Done Building Project "C:\Users\bcoll_000\Desktop\oFVisualStudio\libs\openFrameworksCompiled\project\vs\openframeworksLib.vcxproj" (GetNativeManifest target(s)).
     1>ClCompile:
         C:\Program Files (x86)\Microsoft Visual Studio 11.0\VC\bin\CL.exe /c /I..\..\..\addons\ofxKinectCommonBridge\libs\KinectCommonBridge\include /I"C:\Program Files\Microsoft SDKs\Kinect\v1.8\inc" /I"C:\Program Files\Microsoft SDKs\Kinect\Developer Toolkit v1.8.0\inc" /I..\..\..\libs\openFrameworks /I..\..\..\libs\openFrameworks\graphics /I..\..\..\libs\openFrameworks\app /I..\..\..\libs\openFrameworks\sound /I..\..\..\libs\openFrameworks\utils /I..\..\..\libs\openFrameworks\communication /I..\..\..\libs\openFrameworks\video /I..\..\..\libs\openFrameworks\types /I..\..\..\libs\openFrameworks\math /I..\..\..\libs\openFrameworks\3d /I..\..\..\libs\openFrameworks\gl /I..\..\..\libs\openFrameworks\events /I..\..\..\libs\glut\include /I..\..\..\libs\rtAudio\include /I..\..\..\libs\quicktime\include /I..\..\..\libs\freetype\include /I..\..\..\libs\freetype\include\freetype2 /I..\..\..\libs\freeImage\include /I..\..\..\libs\fmodex\include /I..\..\..\libs\videoInput\include /I..\..\..\libs\glew\include\ /I..\..\..\libs\glu\include /I..\..\..\libs\tess2\include /I..\..\..\libs\cairo\include\cairo /I..\..\..\libs\poco\include /I..\..\..\libs\glfw\include /I..\..\..\libs\openssl\include /I..\..\..\addons /Isrc /I..\..\..\addons\ofxKinect4Windows\src /I..\..\..\addons\ofxKinect4Windows\libs\KinectCommonBridge\include /I..\..\..\addons\ofxGui\src /Zi /nologo /W3 /WX- /O2 /Oy- /D WIN32 /D NDEBUG /D _CONSOLE /D POCO_STATIC /D CAIRO_WIN32_STATIC_BUILD /D DISABLE_SOME_FLOATING_POINT /D _UNICODE /D UNICODE /Gm- /EHsc /MD /GS /fp:precise /Zc:wchar_t /Zc:forScope /Fo"obj\Release\\" /Fd"obj\Release\vc110.pdb" /Gd /TP /analyze- /errorReport:prompt ..\..\ofxGui\src\ofxBaseGui.cpp ..\..\ofxGui\src\ofxButton.cpp ..\..\ofxGui\src\ofxGuiGroup.cpp ..\..\ofxGui\src\ofxLabel.cpp ..\..\ofxGui\src\ofxPanel.cpp ..\..\ofxGui\src\ofxSlider.cpp ..\..\ofxGui\src\ofxSliderGroup.cpp ..\..\ofxGui\src\ofxToggle.cpp ..\src\ofxKinectCommonBridge.cpp src\Flame.cpp src\main.cpp src\Spark.cpp src\testApp.cpp
         ofxBaseGui.cpp
     1>C:\Users\bcoll_000\Desktop\oFVisualStudio\libs\poco\include\Poco/StreamConverter.h(126): warning C4250: 'Poco::InputStreamConverter' : inherits 'std::basic_istream<_Elem,_Traits>::std::basic_istream<_Elem,_Traits>::_Add_vtordisp1' via dominance
                 with
                 [
                     _Elem=char,
                     _Traits=std::char_traits<char>
                 ]
                 C:\Program Files (x86)\Microsoft Visual Studio 11.0\VC\include\istream(74) : see declaration of 'std::basic_istream<_Elem,_Traits>::_Add_vtordisp1'
                 with
                 [
                     _Elem=char,
                     _Traits=std::char_traits<char>
                 ]
     1>C:\Users\bcoll_000\Desktop\oFVisualStudio\libs\poco\include\Poco/StreamConverter.h(144): warning C4250: 'Poco::OutputStreamConverter' : inherits 'std::basic_ostream<_Elem,_Traits>::std::basic_ostream<_Elem,_Traits>::_Add_vtordisp2' via dominance
                 with
                 [
                     _Elem=char,
                     _Traits=std::char_traits<char>
                 ]
                 C:\Program Files (x86)\Microsoft Visual Studio 11.0\VC\include\ostream(90) : see declaration of 'std::basic_ostream<_Elem,_Traits>::_Add_vtordisp2'
                 with
                 [
                     _Elem=char,
                     _Traits=std::char_traits<char>
                 ]
         ofxButton.cpp
         ofxGuiGroup.cpp
         ofxLabel.cpp
         ofxPanel.cpp
         ofxSlider.cpp
         ofxSliderGroup.cpp
         ofxToggle.cpp
         ofxKinectCommonBridge.cpp
     1>C:\Users\bcoll_000\Desktop\oFVisualStudio\libs\openFrameworks\graphics\ofPixels.h(170): warning C4003: not enough actual parameters for macro 'max'
     1>C:\Users\bcoll_000\Desktop\oFVisualStudio\libs\openFrameworks\graphics\ofPixels.h(171): warning C4003: not enough actual parameters for macro 'max'
     1>C:\Users\bcoll_000\Desktop\oFVisualStudio\libs\poco\include\Poco/StreamConverter.h(126): warning C4250: 'Poco::InputStreamConverter' : inherits 'std::basic_istream<_Elem,_Traits>::std::basic_istream<_Elem,_Traits>::_Add_vtordisp1' via dominance
                 with
                 [
                     _Elem=char,
                     _Traits=std::char_traits<char>
                 ]
                 C:\Program Files (x86)\Microsoft Visual Studio 11.0\VC\include\istream(74) : see declaration of 'std::basic_istream<_Elem,_Traits>::_Add_vtordisp1'
                 with
                 [
                     _Elem=char,
                     _Traits=std::char_traits<char>
                 ]
     1>C:\Users\bcoll_000\Desktop\oFVisualStudio\libs\poco\include\Poco/StreamConverter.h(144): warning C4250: 'Poco::OutputStreamConverter' : inherits 'std::basic_ostream<_Elem,_Traits>::std::basic_ostream<_Elem,_Traits>::_Add_vtordisp2' via dominance
                 with
                 [
                     _Elem=char,
                     _Traits=std::char_traits<char>
                 ]
                 C:\Program Files (x86)\Microsoft Visual Studio 11.0\VC\include\ostream(90) : see declaration of 'std::basic_ostream<_Elem,_Traits>::_Add_vtordisp2'
                 with
                 [
                     _Elem=char,
                     _Traits=std::char_traits<char>
                 ]
     1>C:\Users\bcoll_000\Desktop\oFVisualStudio\libs\openFrameworks\types\ofParameter.h(157): warning C4003: not enough actual parameters for macro 'min'
     1>C:\Users\bcoll_000\Desktop\oFVisualStudio\libs\openFrameworks\types\ofParameter.h(158): warning C4003: not enough actual parameters for macro 'max'
         Flame.cpp
     1>C:\Users\bcoll_000\Desktop\oFVisualStudio\libs\poco\include\Poco/StreamConverter.h(126): warning C4250: 'Poco::InputStreamConverter' : inherits 'std::basic_istream<_Elem,_Traits>::std::basic_istream<_Elem,_Traits>::_Add_vtordisp1' via dominance
                 with
                 [
                     _Elem=char,
                     _Traits=std::char_traits<char>
                 ]
                 C:\Program Files (x86)\Microsoft Visual Studio 11.0\VC\include\istream(74) : see declaration of 'std::basic_istream<_Elem,_Traits>::_Add_vtordisp1'
                 with
                 [
                     _Elem=char,
                     _Traits=std::char_traits<char>
                 ]
     1>C:\Users\bcoll_000\Desktop\oFVisualStudio\libs\poco\include\Poco/StreamConverter.h(144): warning C4250: 'Poco::OutputStreamConverter' : inherits 'std::basic_ostream<_Elem,_Traits>::std::basic_ostream<_Elem,_Traits>::_Add_vtordisp2' via dominance
                 with
                 [
                     _Elem=char,
                     _Traits=std::char_traits<char>
                 ]
                 C:\Program Files (x86)\Microsoft Visual Studio 11.0\VC\include\ostream(90) : see declaration of 'std::basic_ostream<_Elem,_Traits>::_Add_vtordisp2'
                 with
                 [
                     _Elem=char,
                     _Traits=std::char_traits<char>
                 ]
         main.cpp
     1>C:\Users\bcoll_000\Desktop\oFVisualStudio\libs\poco\include\Poco/StreamConverter.h(126): warning C4250: 'Poco::InputStreamConverter' : inherits 'std::basic_istream<_Elem,_Traits>::std::basic_istream<_Elem,_Traits>::_Add_vtordisp1' via dominance
                 with
                 [
                     _Elem=char,
                     _Traits=std::char_traits<char>
                 ]
                 C:\Program Files (x86)\Microsoft Visual Studio 11.0\VC\include\istream(74) : see declaration of 'std::basic_istream<_Elem,_Traits>::_Add_vtordisp1'
                 with
                 [
                     _Elem=char,
                     _Traits=std::char_traits<char>
                 ]
     1>C:\Users\bcoll_000\Desktop\oFVisualStudio\libs\poco\include\Poco/StreamConverter.h(144): warning C4250: 'Poco::OutputStreamConverter' : inherits 'std::basic_ostream<_Elem,_Traits>::std::basic_ostream<_Elem,_Traits>::_Add_vtordisp2' via dominance
                 with
                 [
                     _Elem=char,
                     _Traits=std::char_traits<char>
                 ]
                 C:\Program Files (x86)\Microsoft Visual Studio 11.0\VC\include\ostream(90) : see declaration of 'std::basic_ostream<_Elem,_Traits>::_Add_vtordisp2'
                 with
                 [
                     _Elem=char,
                     _Traits=std::char_traits<char>
                 ]
     1>c:\users\bcoll_000\desktop\ofvisualstudio\addons\ofxkinectcommonbridge\example-fireflies - releasetest\src\testApp.h(4): fatal error C1083: Cannot open include file: 'ofxKinectCommonBridge.h': No such file or directory
         Spark.cpp
     1>C:\Users\bcoll_000\Desktop\oFVisualStudio\libs\poco\include\Poco/StreamConverter.h(126): warning C4250: 'Poco::InputStreamConverter' : inherits 'std::basic_istream<_Elem,_Traits>::std::basic_istream<_Elem,_Traits>::_Add_vtordisp1' via dominance
                 with
                 [
                     _Elem=char,
                     _Traits=std::char_traits<char>
                 ]
                 C:\Program Files (x86)\Microsoft Visual Studio 11.0\VC\include\istream(74) : see declaration of 'std::basic_istream<_Elem,_Traits>::_Add_vtordisp1'
                 with
                 [
                     _Elem=char,
                     _Traits=std::char_traits<char>
                 ]
     1>C:\Users\bcoll_000\Desktop\oFVisualStudio\libs\poco\include\Poco/StreamConverter.h(144): warning C4250: 'Poco::OutputStreamConverter' : inherits 'std::basic_ostream<_Elem,_Traits>::std::basic_ostream<_Elem,_Traits>::_Add_vtordisp2' via dominance
                 with
                 [
                     _Elem=char,
                     _Traits=std::char_traits<char>
                 ]
                 C:\Program Files (x86)\Microsoft Visual Studio 11.0\VC\include\ostream(90) : see declaration of 'std::basic_ostream<_Elem,_Traits>::_Add_vtordisp2'
                 with
                 [
                     _Elem=char,
                     _Traits=std::char_traits<char>
                 ]
         testApp.cpp
     1>C:\Users\bcoll_000\Desktop\oFVisualStudio\libs\poco\include\Poco/StreamConverter.h(126): warning C4250: 'Poco::InputStreamConverter' : inherits 'std::basic_istream<_Elem,_Traits>::std::basic_istream<_Elem,_Traits>::_Add_vtordisp1' via dominance
                 with
                 [
                     _Elem=char,
                     _Traits=std::char_traits<char>
                 ]
                 C:\Program Files (x86)\Microsoft Visual Studio 11.0\VC\include\istream(74) : see declaration of 'std::basic_istream<_Elem,_Traits>::_Add_vtordisp1'
                 with
                 [
                     _Elem=char,
                     _Traits=std::char_traits<char>
                 ]
     1>C:\Users\bcoll_000\Desktop\oFVisualStudio\libs\poco\include\Poco/StreamConverter.h(144): warning C4250: 'Poco::OutputStreamConverter' : inherits 'std::basic_ostream<_Elem,_Traits>::std::basic_ostream<_Elem,_Traits>::_Add_vtordisp2' via dominance
                 with
                 [
                     _Elem=char,
                     _Traits=std::char_traits<char>
                 ]
                 C:\Program Files (x86)\Microsoft Visual Studio 11.0\VC\include\ostream(90) : see declaration of 'std::basic_ostream<_Elem,_Traits>::_Add_vtordisp2'
                 with
                 [
                     _Elem=char,
                     _Traits=std::char_traits<char>
                 ]
     1>c:\users\bcoll_000\desktop\ofvisualstudio\addons\ofxkinectcommonbridge\example-fireflies - releasetest\src\testApp.h(4): fatal error C1083: Cannot open include file: 'ofxKinectCommonBridge.h': No such file or directory
         Generating Code...
     1>Done Building Project "C:\Users\bcoll_000\Desktop\oFVisualStudio\addons\ofxKinectCommonBridge\example-Fireflies - ReleaseTest\emptyExample.vcxproj" (Build target(s)) -- FAILED.

Build FAILED.

Time Elapsed 00:01:30.60
